<?xml version="1.0" encoding="UTF-8"?>
<!-- Generated by org.testng.reporters.JUnitReportReporter -->
<testsuite hostname="Gorantlas-Laptop" failures="0" tests="2" name="LMS_API_RestApi.RestApi_Delete" time="2.072" errors="0" timestamp="02 Mar 2022 16:28:36 GMT" skipped="0">
  <testcase classname="LMS_API_RestApi.RestApi_Delete" name="deleteProgramsId" time="0.584"/>
  <testcase classname="LMS_API_RestApi.RestApi_Delete" name="deletePrograms" time="1.488"/>
</testsuite> <!-- LMS_API_RestApi.RestApi_Delete -->
