<?xml version="1.0" encoding="UTF-8"?>
<!-- Generated by org.testng.reporters.JUnitReportReporter -->
<testsuite hostname="Gorantlas-Laptop" failures="0" tests="2" name="JOBS_APT_RestApi.Jobs_ApiDelete" time="2.082" errors="0" timestamp="08 Mar 2022 19:42:56 GMT" skipped="0">
  <testcase classname="JOBS_APT_RestApi.Jobs_ApiDelete" name="deletejobnodata" time="0.315"/>
  <testcase classname="JOBS_APT_RestApi.Jobs_ApiDelete" name="deletejobdata" time="1.767"/>
</testsuite> <!-- JOBS_APT_RestApi.Jobs_ApiDelete -->
