<?xml version="1.0" encoding="UTF-8"?>
<!-- Generated by org.testng.reporters.JUnitReportReporter -->
<testsuite hostname="Gorantlas-Laptop" failures="0" tests="2" name="JOBS_APT_RestApi.Jobs_ApiGet" time="1.625" errors="0" timestamp="08 Mar 2022 18:36:49 GMT" skipped="0">
  <testcase classname="JOBS_APT_RestApi.Jobs_ApiGet" name="getAllJobs" time="1.623"/>
  <testcase classname="JOBS_APT_RestApi.Jobs_ApiGet" name="getAllProgramsnoAuth" time="0.002"/>
</testsuite> <!-- JOBS_APT_RestApi.Jobs_ApiGet -->
