<?xml version="1.0" encoding="UTF-8"?>
<!-- Generated by org.testng.reporters.JUnitReportReporter -->
<testsuite hostname="Gorantlas-Laptop" failures="0" tests="2" name="LMS_API_RestApi.RestApi_POST" time="2.579" errors="0" timestamp="09 Mar 2022 04:59:14 GMT" skipped="0">
  <testcase classname="LMS_API_RestApi.RestApi_POST" name="postPrograms" time="2.177"/>
  <testcase classname="LMS_API_RestApi.RestApi_POST" name="postProgramsnodata" time="0.402"/>
</testsuite> <!-- LMS_API_RestApi.RestApi_POST -->
