<?xml version="1.0" encoding="UTF-8"?>
<!-- Generated by org.testng.reporters.JUnitReportReporter -->
<testsuite hostname="Gorantlas-Laptop" failures="0" tests="2" name="LMS_API_RestApi.RestApi_PUT" time="2.444" errors="0" timestamp="08 Mar 2022 16:39:08 GMT" skipped="0">
  <testcase classname="LMS_API_RestApi.RestApi_PUT" name="putProgramsnodata" time="0.400"/>
  <testcase classname="LMS_API_RestApi.RestApi_PUT" name="putProgramsid" time="2.044"/>
</testsuite> <!-- LMS_API_RestApi.RestApi_PUT -->
