<?xml version="1.0" encoding="UTF-8"?>
<!-- Generated by org.testng.reporters.JUnitReportReporter -->
<testsuite hostname="Gorantlas-Laptop" failures="0" tests="2" name="JOBS_APT_RestApi.Jobs_ApiPut" time="1.995" errors="0" timestamp="08 Mar 2022 18:37:39 GMT" skipped="0">
  <testcase classname="JOBS_APT_RestApi.Jobs_ApiPut" name="putjobdata" time="1.668"/>
  <testcase classname="JOBS_APT_RestApi.Jobs_ApiPut" name="putjobnodata" time="0.327"/>
</testsuite> <!-- JOBS_APT_RestApi.Jobs_ApiPut -->
