<?xml version="1.0" encoding="UTF-8"?>
<!-- Generated by org.testng.reporters.JUnitReportReporter -->
<testsuite hostname="Gorantlas-Laptop" failures="0" tests="2" name="JOBS_APT_RestApi.Jobs_ApiPost" time="2.130" errors="0" timestamp="08 Mar 2022 19:42:34 GMT" skipped="0">
  <testcase classname="JOBS_APT_RestApi.Jobs_ApiPost" name="postjobnodata" time="0.317"/>
  <testcase classname="JOBS_APT_RestApi.Jobs_ApiPost" name="postjobdata" time="1.813"/>
</testsuite> <!-- JOBS_APT_RestApi.Jobs_ApiPost -->
