<?xml version="1.0" encoding="UTF-8"?>
<!-- Generated by org.testng.reporters.JUnitReportReporter -->
<testsuite hostname="Gorantlas-Laptop" failures="0" tests="3" name="LMS_API_RestApi.RestApi_Get" time="3.081" errors="0" timestamp="28 Feb 2022 22:45:48 GMT" skipped="0">
  <testcase classname="LMS_API_RestApi.RestApi_Get" name="getAllProgramsId" time="0.367"/>
  <testcase classname="LMS_API_RestApi.RestApi_Get" name="getAllPrograms" time="2.333"/>
  <testcase classname="LMS_API_RestApi.RestApi_Get" name="getAllProgramsnoAuth" time="0.381"/>
</testsuite> <!-- LMS_API_RestApi.RestApi_Get -->
